<?xml version="1.0" encoding="UTF-8"?>
<!-- Generated by org.testng.reporters.JUnitXMLReporter -->
<testsuite ignored="2" hostname="DESKTOP-64EE36M" failures="1" tests="10" name="Anmeldung" time="60.118" errors="0" timestamp="2022-05-22T21:40:30 CEST">
  <testcase classname="ui.Professor" name="Abmeldung" time="1.441"/>
  <testcase classname="ui.Professor" name="Anmeldung" time="1.509"/>
  <testcase classname="ui.Dekan" name="Abmeldung" time="2.003"/>
  <testcase classname="ui.Dekan" name="Anmeldung" time="1.899"/>
  <testcase classname="ui.Dekan" name="Rollen_wechsel" time="5.245"/>
  <testcase classname="ui.FakultaetStellvertreter" name="Abmeldung" time="2.594"/>
  <testcase classname="ui.FakultaetStellvertreter" name="Anmeldung" time="2.373"/>
  <testcase classname="ui.FakultaetStellvertreter" name="Rollen_wechsel" time="4.556"/>
  <testcase classname="ui.FakultaetStellvertreter" name="Rollen_zuweisen" time="14.164"/>
  <testcase classname="ui.FakultaetStellvertreter" name="neuen_Studiengang_hinterlegen" time="2.508">
    <failure type="java.lang.AssertionError" message="expected [Test Bezeichnung] but found [Matthias Ahlhaus]">
      <![CDATA[java.lang.AssertionError: expected [Test Bezeichnung] but found [Matthias Ahlhaus]
at ui.FakultaetStellvertreter.neuen_Studiengang_hinterlegen(FakultaetStellvertreter.java:107)
at java.base/java.util.ArrayList.forEach(ArrayList.java:1511)
at com.intellij.rt.testng.IDEARemoteTestNG.run(IDEARemoteTestNG.java:66)
at com.intellij.rt.testng.RemoteTestNGStarter.main(RemoteTestNGStarter.java:109)
... Removed 30 stack frames]]>
    </failure>
  </testcase> <!-- neuen_Studiengang_hinterlegen -->
  <testcase classname="common.BaseTest" name="@AfterTest closingBrowser" time="0.0">
    <ignored/>
  </testcase> <!-- @AfterTest closingBrowser -->
  <testcase classname="common.BaseTest" name="@AfterTest closingBrowser" time="0.0">
    <ignored/>
  </testcase> <!-- @AfterTest closingBrowser -->
</testsuite> <!-- Anmeldung -->
